    1  passwd
    2  wget www.github.com
    3  ls
    4  ls -lat
    5  ls -latr
    6  git init cs131
    7  git init
    8  git remote add origin git@github.com:hoppyhippo/cs131.git
    9  git push -u origin master
   10  ls
   11  mkdir ws1
   12  ls
   13  touch tester.txt
   14  ls
   15  rmdir ws1
   16  ls
   17  cd C:
   18  ls
   19  cd ~
   20  ls
   21  cd cs131
   22  ls
   23  mkdir ws1
   24  ls
   25  cd ws1/
   26  git init
   27  touch tester.txt
   28  ls
   29  git status
   30  git add tester.txt
   31  git commit -m "test"
   32  history > cmds.log
   33  git add cmds.log
   34  git commit -m "command log"
   35  git configt --global user.email "jeffreync3@yahoo.com"
   36  git config --global user.email "jeffreync3@yahoo.com"
   37  git configt --global uer.name "Jeffrey Chan"
   38  git config --global uer.name "Jeffrey Chan"
   39  ls
   40  git history
   41  git --help
   42  git add history
   43  git remote add origin https://github.com/hoppyhippo/cs131.git
   44  git branch -M main
   45  git push -u origin main
   46  git push -u origin master
   47  git add .
   48  git commit -m "update"
   49  git push
   50  git push --set-upstream origin main
   51  git remote add origin git@github.com:hoppyhippo/cs131.git
   52  git remote set-url origin git@github.com:hoppyhippo/cs131.git
   53  git branch -M main
   54  git push -u origin main
   55  git add .
   56  git push -u origin main
   57  git add .
   58  git commit -m "update"
   59  git config --global user.name "Jeffrey Chan"
   60  git push pu origin main
   61  git push -u origin main
   62  ls
   63  cd ~/Documents
   64  mkdir ws1
   65  cd ws1
   66  git init
   67  history > cmds.log
   68  git add cmds.log
   69  git commit -m "commands"
   70  git checkout -b test
   71  git branch
   72  git remote add origin git@github.com:hoppyhippo/cs131.git
   73  git push -u origin master
   74  wget github.com
   75  git remote add origin git@github.com:hoppyhippo/cs131.git
   76  git branch -M main
   77  git push -u origin main
   78  git remote set-url origin https://github.com/hoppyhippo/cs131.git
   79  git branch -M main
   80  git push -u origin main
   81  git push -u origin master
   82  git push -u origin main
   83  ssh-keygen
   84  ls
   85  rm test.txt.pub
   86  ls
   87  ssh-keygen
   88  ls
   89  git remote add origin git@github.com:hoppyhippo/cs131.git
   90  git remote set-url origin git@github.com:hoppyhippo/cs131.git
   91  git branch -M main
   92  git push -u origin main
   93  git add .
   94  history > cmds.log
   95  git add cmds.log
   96  git commit -m "cmds"
   97  git push
   98  git push --set-upstream origin main
   99  ssh-add key.pub
  100  eval "$(ssh-agent -s)
  101  ssh-add key.pub
  102  exit
  103  ssh-keygen
  104  wget www.github.com
  105  y
  106  ssh-keygen
  107  mkdir C:/Users/JC/.ssh
  108  mkdir ~/.ssh
  109  ssh-keygen -t rsa
  110  ls
  111  rm index.html.1
  112  rm key.pub
  113  rm tester.txt
  114  rm test.txt
  115  rm C:\Users\JC.pub
  116  rmdir C:\Users\JC
  117  rmdir C:/Users/JC
  118  rmdir
  119  rmdir --help
  120  ls
  121  rmdir C:'\'Users'\'JC
  122  rm C:'\'Users'\'JC
  123  rm C:'\'Users'\'JC.pub
  124  ls
  125  git add cmds.log
  126  git commit -m "update"
  127  git status
  128  cd ws1
  129  history > cmds.log
  130  git add cmds.log
  131  git commit -m "cmds"
  132  git push
  133  git push --set-upstream origin main
  134  git config --global user.name
  135  git config --global user.email
  136  git remote add origin git@github.com:hoppyhippo/cs131.git
  137  git branch -r
  138  git branch -M main
  139  git push -u origin main
  140  history
  141  mkdir cs131
  142  cd cs131
  143  ls
  144  cd ws1
  145  ls
  146  pwd
  147  cmds.log
  148  cat cmds.log
  149  history > cmds.log
