  232  cp /datasets/taxidata.tar.gz .
  233  man tar
  236  ls
  242  gunzip taxidata.tar.gz 
  243  man tar
  244  cat taxidata.tar 
  245  clear
  246  grep 2019-03-12 taxidata.tar 
  247  cat taxidata.tar 
  248  man tar
  249  less taxidata.tar 
  250  tail taxidata.tar 
  251  head taxidata.tar 
  296  cd cs131/
  297  mkdir ws2
  298  cd ws2
  301  cp /datasets/taxidata.tar.gz .
  303  gunzip /datasets/taxidata.tar.gz
  305  ls
  306  gunzip taxidata.tar.gz 
  309  man grep
  318  cd cs131/ws2
  344  cat results.txt 
  372  man grep
  380  head taxidata.tar 
  385  grep -a [0-9]{4}-[0-9]{2}-[0-9]{2}.*2019-03-12 taxidata.tar 
  386  grep -a [0-9]{4}-[0-9]{2}-[1,3-9]{2}.*2019-03-12 taxidata.tar 
  387  grep -Ea [0-9]{4}-[0-9]{2}-[1,3-9]{2}.*2019-03-12 taxidata.tar 
  389  grep -Ea [0-9]{4}-[0-9]{2}-[1,3-9]{2}.*2019-03-12 taxidata.tar | head -n 10
  390  cd cs131/ws2
  391  grep -Ea [0-9]{4}-[0-9]{2}-[1,3-9]{2}.*2019-03-12 taxidata.tar | tail -n 20 > "results.txt"
  392  cat results.txt 
  393  grep -Ea [0-9]{4}-[0-9]{2}-[1,3-9]{2}.*2019-03-12 taxidata.tar | wc -l >> "results.txt" 
  394  cat results.txt 
  395  ls
  396  history > cmds.log
